#
# There is insufficient memory for the Java Runtime Environment to continue.
# Native memory allocation (malloc) failed to allocate 418224 bytes for Chunk::new
# Possible reasons:
#   The system is out of physical RAM or swap space
#   The process is running with CompressedOops enabled, and the Java Heap may be blocking the growth of the native heap
# Possible solutions:
#   Reduce memory load on the system
#   Increase physical memory or swap space
#   Check if swap backing store is full
#   Decrease Java heap size (-Xmx/-Xms)
#   Decrease number of Java threads
#   Decrease Java thread stack sizes (-Xss)
#   Set larger code cache with -XX:ReservedCodeCacheSize=
#   JVM is running with Unscaled Compressed Oops mode in which the Java heap is
#     placed in the first 4GB address space. The Java Heap base address is the
#     maximum limit for the native heap growth. Please use -XX:HeapBaseMinAddress
#     to set the Java Heap base and to place the Java Heap above 4GB virtual address.
# This output file may be truncated or incomplete.
#
#  Out of Memory Error (allocation.cpp:389), pid=18484, tid=0x0000000000004a80
#
# JRE version: OpenJDK Runtime Environment (8.0_242-b01) (build 1.8.0_242-release-1644-b01)
# Java VM: OpenJDK 64-Bit Server VM (25.242-b01 mixed mode windows-amd64 compressed oops)
# Failed to write core dump. Minidumps are not enabled by default on client versions of Windows
#

---------------  T H R E A D  ---------------

Current thread (0x0000000017fba800):  JavaThread "C2 CompilerThread1" daemon [_thread_in_native, id=19072, stack(0x0000000019710000,0x0000000019810000)]

Stack: [0x0000000019710000,0x0000000019810000]
[error occurred during error reporting (printing stack bounds), id 0xc0000005]

Native frames: (J=compiled Java code, j=interpreted, Vv=VM code, C=native code)


Current CompileTask:
C2: 565351 12969       4       com.android.tools.r8.code.u1::a (4075 bytes)


---------------  P R O C E S S  ---------------

Java Threads: ( => current thread )
  0x000000002080c800 JavaThread "ForkJoinPool-2-worker-0" daemon [_thread_blocked, id=2892, stack(0x0000000027ce0000,0x0000000027de0000)]
  0x000000002080e000 JavaThread "ForkJoinPool-2-worker-3" daemon [_thread_blocked, id=19352, stack(0x0000000027600000,0x0000000027700000)]
  0x000000002080f800 JavaThread "ForkJoinPool-2-worker-2" daemon [_thread_blocked, id=9072, stack(0x0000000027500000,0x0000000027600000)]
  0x000000002080d000 JavaThread "ForkJoinPool-2-worker-1" daemon [_thread_in_Java, id=12368, stack(0x0000000027400000,0x0000000027500000)]
  0x000000002080e800 JavaThread "WorkerExecutor Queue Thread 4" [_thread_blocked, id=13900, stack(0x0000000027300000,0x0000000027400000)]
  0x0000000020804800 JavaThread "WorkerExecutor Queue Thread 3" [_thread_blocked, id=12104, stack(0x0000000027000000,0x0000000027100000)]
  0x000000002080a800 JavaThread "WorkerExecutor Queue Thread 2" [_thread_blocked, id=1336, stack(0x0000000026ce0000,0x0000000026de0000)]
  0x000000002080b800 JavaThread "WorkerExecutor Queue" [_thread_blocked, id=10596, stack(0x0000000026be0000,0x0000000026ce0000)]
  0x000000002080a000 JavaThread "Cache worker for Java compile cache (C:\Users\Lenovo\Downloads\Toll_Management\.gradle\6.1.1\javaCompile)" [_thread_blocked, id=1732, stack(0x0000000027780000,0x0000000027880000)]
  0x0000000020809000 JavaThread "Cache worker for Java compile cache (C:\Users\Lenovo\.gradle\caches\6.1.1\javaCompile)" [_thread_blocked, id=14252, stack(0x0000000026f00000,0x0000000027000000)]
  0x0000000020808800 JavaThread "Cache worker for execution history cache (C:\Users\Lenovo\Downloads\Toll_Management\.gradle\6.1.1\executionHistory)" [_thread_blocked, id=7860, stack(0x0000000026e00000,0x0000000026f00000)]
  0x0000000020807800 JavaThread "Execution worker for ':' Thread 3" [_thread_blocked, id=16200, stack(0x0000000026ae0000,0x0000000026be0000)]
  0x0000000020801000 JavaThread "Execution worker for ':' Thread 2" [_thread_blocked, id=2820, stack(0x00000000269e0000,0x0000000026ae0000)]
  0x0000000020806000 JavaThread "Execution worker for ':'" [_thread_blocked, id=19276, stack(0x0000000024cb0000,0x0000000024db0000)]
  0x0000000020800000 JavaThread "Cache worker for file content cache (C:\Users\Lenovo\Downloads\Toll_Management\.gradle\6.1.1\fileContent)" [_thread_blocked, id=2976, stack(0x00000000249b0000,0x0000000024ab0000)]
  0x0000000020805800 JavaThread "Cache worker for Build Output Cleanup Cache (C:\Users\Lenovo\Downloads\Toll_Management\.gradle\buildOutputCleanup)" [_thread_blocked, id=18336, stack(0x00000000246b0000,0x00000000247b0000)]
  0x000000001bac7000 JavaThread "Build operations Thread 4" [_thread_blocked, id=13284, stack(0x0000000023fb0000,0x00000000240b0000)]
  0x000000001bac6800 JavaThread "Build operations Thread 3" [_thread_blocked, id=1420, stack(0x0000000022fd0000,0x00000000230d0000)]
  0x000000001bac5000 JavaThread "Build operations Thread 2" [_thread_blocked, id=6984, stack(0x0000000022ad0000,0x0000000022bd0000)]
  0x000000001bac8000 JavaThread "Build operations" [_thread_blocked, id=16108, stack(0x0000000022510000,0x0000000022610000)]
  0x000000001c2c1800 JavaThread "Cache worker for cache directory md-rule (C:\Users\Lenovo\.gradle\caches\6.1.1\md-rule)" [_thread_blocked, id=18360, stack(0x0000000021910000,0x0000000021a10000)]
  0x000000001c2c0000 JavaThread "Cache worker for cache directory md-supplier (C:\Users\Lenovo\.gradle\caches\6.1.1\md-supplier)" [_thread_blocked, id=4948, stack(0x00000000205d0000,0x00000000206d0000)]
  0x000000001c2be800 JavaThread "Cache worker for file hash cache (C:\Users\Lenovo\Downloads\Toll_Management\.gradle\6.1.1\fileHashes)" [_thread_blocked, id=12900, stack(0x00000000204d0000,0x00000000205d0000)]
  0x000000001c2bd000 JavaThread "Cache worker for checksums cache (C:\Users\Lenovo\Downloads\Toll_Management\.gradle\checksums)" [_thread_blocked, id=10324, stack(0x00000000203d0000,0x00000000204d0000)]
  0x000000001c2be000 JavaThread "Thread-37" [_thread_blocked, id=4764, stack(0x00000000202d0000,0x00000000203d0000)]
  0x000000001c2b6800 JavaThread "Stdin handler" [_thread_blocked, id=18328, stack(0x000000001d830000,0x000000001d930000)]
  0x000000001c2bb800 JavaThread "Asynchronous log dispatcher for DefaultDaemonConnection: socket connection from /127.0.0.1:49604 to /127.0.0.1:49649" [_thread_blocked, id=15692, stack(0x000000001d530000,0x000000001d630000)]
  0x000000001c2b5800 JavaThread "Daemon worker Thread 2" [_thread_blocked, id=13824, stack(0x000000001d030000,0x000000001d130000)]
  0x000000001c2b4000 JavaThread "Cancel handler" [_thread_blocked, id=18656, stack(0x0000000001760000,0x0000000001860000)]
  0x000000001c2b9800 JavaThread "Handler for socket connection from /127.0.0.1:49604 to /127.0.0.1:49649" [_thread_in_native, id=8260, stack(0x0000000001660000,0x0000000001760000)]
  0x000000001c2b2800 JavaThread "Daemon Thread 2" [_thread_blocked, id=11236, stack(0x0000000001560000,0x0000000001660000)]
  0x000000001c2b8000 JavaThread "Cache worker for file content cache (C:\Users\Lenovo\.gradle\caches\6.1.1\fileContent)" [_thread_blocked, id=18528, stack(0x0000000023eb0000,0x0000000023fb0000)]
  0x000000001c2bc800 JavaThread "Memory manager" [_thread_blocked, id=15884, stack(0x00000000230d0000,0x00000000231d0000)]
  0x000000001bac4000 JavaThread "Cache worker for execution history cache (C:\Users\Lenovo\.gradle\caches\6.1.1\executionHistory)" [_thread_blocked, id=19284, stack(0x0000000021a10000,0x0000000021b10000)]
  0x000000001bac3800 JavaThread "Cache worker for file hash cache (C:\Users\Lenovo\.gradle\caches\6.1.1\fileHashes)" [_thread_blocked, id=17456, stack(0x000000001dd30000,0x000000001de30000)]
  0x000000001bac5800 JavaThread "File lock request listener" [_thread_in_native, id=12656, stack(0x000000001dc30000,0x000000001dd30000)]
  0x000000001ba5b000 JavaThread "Cache worker for journal cache (C:\Users\Lenovo\.gradle\caches\journal-1)" [_thread_blocked, id=19168, stack(0x000000001db30000,0x000000001dc30000)]
  0x000000001b9b5800 JavaThread "Daemon periodic checks" [_thread_blocked, id=14624, stack(0x000000001cf30000,0x000000001d030000)]
  0x000000001b95f000 JavaThread "Incoming local TCP Connector on port 49604" [_thread_in_native, id=10904, stack(0x000000001ccf0000,0x000000001cdf0000)]
  0x0000000019f44800 JavaThread "Daemon health stats" [_thread_blocked, id=16908, stack(0x000000001c6b0000,0x000000001c7b0000)]
  0x0000000019938800 JavaThread "Service Thread" daemon [_thread_blocked, id=11772, stack(0x0000000019d10000,0x0000000019e10000)]
  0x0000000017fca800 JavaThread "C1 CompilerThread2" daemon [_thread_blocked, id=5672, stack(0x0000000019810000,0x0000000019910000)]
=>0x0000000017fba800 JavaThread "C2 CompilerThread1" daemon [_thread_in_native, id=19072, stack(0x0000000019710000,0x0000000019810000)]
  0x0000000017fb6000 JavaThread "C2 CompilerThread0" daemon [_thread_in_native, id=16480, stack(0x0000000019610000,0x0000000019710000)]
  0x0000000017fb4800 JavaThread "Attach Listener" daemon [_thread_blocked, id=16196, stack(0x0000000019510000,0x0000000019610000)]
  0x0000000017fb3000 JavaThread "Signal Dispatcher" daemon [_thread_blocked, id=7688, stack(0x0000000019410000,0x0000000019510000)]
  0x000000000338d800 JavaThread "Finalizer" daemon [_thread_blocked, id=16720, stack(0x0000000019210000,0x0000000019310000)]
  0x0000000017f99000 JavaThread "Reference Handler" daemon [_thread_blocked, id=4852, stack(0x0000000019110000,0x0000000019210000)]
  0x000000000190e800 JavaThread "main" [_thread_blocked, id=16488, stack(0x0000000003120000,0x0000000003220000)]

Other Threads:
  0x0000000017f77000 VMThread [stack: 0x0000000019010000,0x0000000019110000] [id=10608]
  0x000000001800e000 WatcherThread [stack: 0x0000000019e10000,0x0000000019f10000] [id=13056]

VM state:not at safepoint (normal execution)

VM Mutex/Monitor currently owned by a thread: None

heap address: 0x0000000080000000, size: 2048 MB, Compressed Oops mode: 32-bit
Narrow klass base: 0x0000000000000000, Narrow klass shift: 3
Compressed class space size: 1073741824 Address: 0x0000000100000000

Heap:
 PSYoungGen      total 243200K, used 181732K [0x00000000d5580000, 0x00000000e6f00000, 0x0000000100000000)
  eden space 211456K, 75% used [0x00000000d5580000,0x00000000df07ab10,0x00000000e2400000)
  from space 31744K, 72% used [0x00000000e5000000,0x00000000e667e860,0x00000000e6f00000)
  to   space 38400K, 0% used [0x00000000e2400000,0x00000000e2400000,0x00000000e4980000)
 ParOldGen       total 138752K, used 87591K [0x0000000080000000, 0x0000000088780000, 0x00000000d5580000)
  object space 138752K, 63% used [0x0000000080000000,0x0000000085589e50,0x0000000088780000)
 Metaspace       used 86043K, capacity 90118K, committed 90280K, reserved 1126400K
  class space    used 11614K, capacity 12412K, committed 12464K, reserved 1048576K

Card table byte_map: [0x0000000012750000,0x0000000012b60000] byte_map_base: 0x0000000012350000

Marking Bits: (ParMarkBitMap*) 0x000000007009f030
 Begin Bits: [0x0000000013210000, 0x0000000015210000)
 End Bits:   [0x0000000015210000, 0x0000000017210000)

Polling page: 0x0000000001320000

CodeCache: size=245760Kb used=35089Kb max_used=35112Kb free=210670Kb
 bounds [0x0000000003390000, 0x0000000005610000, 0x0000000012390000]
 total_blobs=12038 nmethods=11178 adapters=772
 compilation: enabled

Compilation events (10 events):
Event: 564.850 Thread 0x0000000017fca800 12957       2       com.android.tools.r8.code.H2::<init> (7 bytes)
Event: 564.850 Thread 0x0000000017fca800 nmethod 12957 0x00000000055b6dd0 code [0x00000000055b6f20, 0x00000000055b70d0]
Event: 564.979 Thread 0x0000000017fba800 nmethod 12914% 0x00000000055f3d90 code [0x00000000055f4440, 0x00000000055fa450]
Event: 564.979 Thread 0x0000000017fba800 12969       4       com.android.tools.r8.code.u1::a (4075 bytes)
Event: 565.255 Thread 0x0000000017fca800 12970       2       com.android.tools.r8.code.u::<init> (7 bytes)
Event: 565.255 Thread 0x0000000017fca800 nmethod 12970 0x00000000055b66d0 code [0x00000000055b6840, 0x00000000055b6ad8]
Event: 565.260 Thread 0x0000000017fca800 12971       2       com.android.tools.r8.code.d::<init> (7 bytes)
Event: 565.261 Thread 0x0000000017fca800 nmethod 12971 0x00000000055f3690 code [0x00000000055f3800, 0x00000000055f3a98]
Event: 565.339 Thread 0x0000000017fca800 12972       2       com.android.tools.r8.code.r::<init> (7 bytes)
Event: 565.339 Thread 0x0000000017fca800 nmethod 12972 0x00000000055f3250 code [0x00000000055f33a0, 0x00000000055f3550]

GC Heap History (10 events):
Event: 14.066 GC heap before
{Heap before GC invocations=15 (full 3):
 PSYoungGen      total 179712K, used 3495K [0x00000000d5580000, 0x00000000e2600000, 0x0000000100000000)
  eden space 161280K, 0% used [0x00000000d5580000,0x00000000d5580000,0x00000000df300000)
  from space 18432K, 18% used [0x00000000e0500000,0x00000000e0869f38,0x00000000e1700000)
  to   space 18432K, 0% used [0x00000000df300000,0x00000000df300000,0x00000000e0500000)
 ParOldGen       total 91648K, used 32810K [0x0000000080000000, 0x0000000085980000, 0x00000000d5580000)
  object space 91648K, 35% used [0x0000000080000000,0x000000008200aac8,0x0000000085980000)
 Metaspace       used 57082K, capacity 59054K, committed 59160K, reserved 1099776K
  class space    used 7829K, capacity 8282K, committed 8368K, reserved 1048576K
Event: 14.456 GC heap after
Heap after GC invocations=15 (full 3):
 PSYoungGen      total 179712K, used 0K [0x00000000d5580000, 0x00000000e2600000, 0x0000000100000000)
  eden space 161280K, 0% used [0x00000000d5580000,0x00000000d5580000,0x00000000df300000)
  from space 18432K, 0% used [0x00000000e0500000,0x00000000e0500000,0x00000000e1700000)
  to   space 18432K, 0% used [0x00000000df300000,0x00000000df300000,0x00000000e0500000)
 ParOldGen       total 138752K, used 30303K [0x0000000080000000, 0x0000000088780000, 0x00000000d5580000)
  object space 138752K, 21% used [0x0000000080000000,0x0000000081d97cb8,0x0000000088780000)
 Metaspace       used 57070K, capacity 59012K, committed 59160K, reserved 1099776K
  class space    used 7825K, capacity 8275K, committed 8368K, reserved 1048576K
}
Event: 18.184 GC heap before
{Heap before GC invocations=16 (full 3):
 PSYoungGen      total 179712K, used 161280K [0x00000000d5580000, 0x00000000e2600000, 0x0000000100000000)
  eden space 161280K, 100% used [0x00000000d5580000,0x00000000df300000,0x00000000df300000)
  from space 18432K, 0% used [0x00000000e0500000,0x00000000e0500000,0x00000000e1700000)
  to   space 18432K, 0% used [0x00000000df300000,0x00000000df300000,0x00000000e0500000)
 ParOldGen       total 138752K, used 30303K [0x0000000080000000, 0x0000000088780000, 0x00000000d5580000)
  object space 138752K, 21% used [0x0000000080000000,0x0000000081d97cb8,0x0000000088780000)
 Metaspace       used 61391K, capacity 64090K, committed 64424K, reserved 1103872K
  class space    used 8447K, capacity 9024K, committed 9136K, reserved 1048576K
Event: 18.221 GC heap after
Heap after GC invocations=16 (full 3):
 PSYoungGen      total 179712K, used 14477K [0x00000000d5580000, 0x00000000e3800000, 0x0000000100000000)
  eden space 161280K, 0% used [0x00000000d5580000,0x00000000d5580000,0x00000000df300000)
  from space 18432K, 78% used [0x00000000df300000,0x00000000e0123610,0x00000000e0500000)
  to   space 19456K, 0% used [0x00000000e2500000,0x00000000e2500000,0x00000000e3800000)
 ParOldGen       total 138752K, used 30311K [0x0000000080000000, 0x0000000088780000, 0x00000000d5580000)
  object space 138752K, 21% used [0x0000000080000000,0x0000000081d99cb8,0x0000000088780000)
 Metaspace       used 61391K, capacity 64090K, committed 64424K, reserved 1103872K
  class space    used 8447K, capacity 9024K, committed 9136K, reserved 1048576K
}
Event: 20.926 GC heap before
{Heap before GC invocations=17 (full 3):
 PSYoungGen      total 179712K, used 175757K [0x00000000d5580000, 0x00000000e3800000, 0x0000000100000000)
  eden space 161280K, 100% used [0x00000000d5580000,0x00000000df300000,0x00000000df300000)
  from space 18432K, 78% used [0x00000000df300000,0x00000000e0123610,0x00000000e0500000)
  to   space 19456K, 0% used [0x00000000e2500000,0x00000000e2500000,0x00000000e3800000)
 ParOldGen       total 138752K, used 30311K [0x0000000080000000, 0x0000000088780000, 0x00000000d5580000)
  object space 138752K, 21% used [0x0000000080000000,0x0000000081d99cb8,0x0000000088780000)
 Metaspace       used 67057K, capacity 70224K, committed 70440K, reserved 1110016K
  class space    used 9318K, capacity 9981K, committed 10032K, reserved 1048576K
Event: 21.085 GC heap after
Heap after GC invocations=17 (full 3):
 PSYoungGen      total 192512K, used 19449K [0x00000000d5580000, 0x00000000e6800000, 0x0000000100000000)
  eden space 173056K, 0% used [0x00000000d5580000,0x00000000d5580000,0x00000000dfe80000)
  from space 19456K, 99% used [0x00000000e2500000,0x00000000e37fe7e0,0x00000000e3800000)
  to   space 39424K, 0% used [0x00000000dfe80000,0x00000000dfe80000,0x00000000e2500000)
 ParOldGen       total 138752K, used 76197K [0x0000000080000000, 0x0000000088780000, 0x00000000d5580000)
  object space 138752K, 54% used [0x0000000080000000,0x0000000084a69478,0x0000000088780000)
 Metaspace       used 67057K, capacity 70224K, committed 70440K, reserved 1110016K
  class space    used 9318K, capacity 9981K, committed 10032K, reserved 1048576K
}
Event: 25.179 GC heap before
{Heap before GC invocations=18 (full 3):
 PSYoungGen      total 192512K, used 192505K [0x00000000d5580000, 0x00000000e6800000, 0x0000000100000000)
  eden space 173056K, 100% used [0x00000000d5580000,0x00000000dfe80000,0x00000000dfe80000)
  from space 19456K, 99% used [0x00000000e2500000,0x00000000e37fe7e0,0x00000000e3800000)
  to   space 39424K, 0% used [0x00000000dfe80000,0x00000000dfe80000,0x00000000e2500000)
 ParOldGen       total 138752K, used 76197K [0x0000000080000000, 0x0000000088780000, 0x00000000d5580000)
  object space 138752K, 54% used [0x0000000080000000,0x0000000084a69478,0x0000000088780000)
 Metaspace       used 71468K, capacity 74914K, committed 75176K, reserved 1114112K
  class space    used 9898K, capacity 10560K, committed 10672K, reserved 1048576K
Event: 25.333 GC heap after
Heap after GC invocations=18 (full 3):
 PSYoungGen      total 212480K, used 16661K [0x00000000d5580000, 0x00000000e7500000, 0x0000000100000000)
  eden space 173056K, 0% used [0x00000000d5580000,0x00000000d5580000,0x00000000dfe80000)
  from space 39424K, 42% used [0x00000000dfe80000,0x00000000e0ec5468,0x00000000e2500000)
  to   space 37888K, 0% used [0x00000000e5000000,0x00000000e5000000,0x00000000e7500000)
 ParOldGen       total 138752K, used 87583K [0x0000000080000000, 0x0000000088780000, 0x00000000d5580000)
  object space 138752K, 63% used [0x0000000080000000,0x0000000085587e50,0x0000000088780000)
 Metaspace       used 71468K, capacity 74914K, committed 75176K, reserved 1114112K
  class space    used 9898K, capacity 10560K, committed 10672K, reserved 1048576K
}
Event: 559.828 GC heap before
{Heap before GC invocations=19 (full 3):
 PSYoungGen      total 212480K, used 189717K [0x00000000d5580000, 0x00000000e7500000, 0x0000000100000000)
  eden space 173056K, 100% used [0x00000000d5580000,0x00000000dfe80000,0x00000000dfe80000)
  from space 39424K, 42% used [0x00000000dfe80000,0x00000000e0ec5468,0x00000000e2500000)
  to   space 37888K, 0% used [0x00000000e5000000,0x00000000e5000000,0x00000000e7500000)
 ParOldGen       total 138752K, used 87583K [0x0000000080000000, 0x0000000088780000, 0x00000000d5580000)
  object space 138752K, 63% used [0x0000000080000000,0x0000000085587e50,0x0000000088780000)
 Metaspace       used 78447K, capacity 82164K, committed 82344K, reserved 1120256K
  class space    used 10643K, capacity 11397K, committed 11440K, reserved 1048576K
Event: 559.885 GC heap after
Heap after GC invocations=19 (full 3):
 PSYoungGen      total 243200K, used 23034K [0x00000000d5580000, 0x00000000e6f00000, 0x0000000100000000)
  eden space 211456K, 0% used [0x00000000d5580000,0x00000000d5580000,0x00000000e2400000)
  from space 31744K, 72% used [0x00000000e5000000,0x00000000e667e860,0x00000000e6f00000)
  to   space 38400K, 0% used [0x00000000e2400000,0x00000000e2400000,0x00000000e4980000)
 ParOldGen       total 138752K, used 87591K [0x0000000080000000, 0x0000000088780000, 0x00000000d5580000)
  object space 138752K, 63% used [0x0000000080000000,0x0000000085589e50,0x0000000088780000)
 Metaspace       used 78447K, capacity 82164K, committed 82344K, reserved 1120256K
  class space    used 10643K, capacity 11397K, committed 11440K, reserved 1048576K
}

Deoptimization events (10 events):
Event: 563.815 Thread 0x000000002080b800 Uncommon trap: reason=bimorphic action=maybe_recompile pc=0x00000000037c2ecc method=java.util.Map.computeIfAbsent(Ljava/lang/Object;Ljava/util/function/Function;)Ljava/lang/Object; @ 7
Event: 563.816 Thread 0x000000002080b800 Uncommon trap: reason=bimorphic action=maybe_recompile pc=0x00000000037c2ecc method=java.util.Map.computeIfAbsent(Ljava/lang/Object;Ljava/util/function/Function;)Ljava/lang/Object; @ 7
Event: 563.849 Thread 0x000000002080b800 Uncommon trap: reason=bimorphic action=maybe_recompile pc=0x00000000037c2ecc method=java.util.Map.computeIfAbsent(Ljava/lang/Object;Ljava/util/function/Function;)Ljava/lang/Object; @ 7
Event: 563.861 Thread 0x000000002080b800 Uncommon trap: reason=bimorphic action=maybe_recompile pc=0x00000000037c2ecc method=java.util.Map.computeIfAbsent(Ljava/lang/Object;Ljava/util/function/Function;)Ljava/lang/Object; @ 7
Event: 563.941 Thread 0x000000002080b800 Uncommon trap: reason=speculate_class_check action=maybe_recompile pc=0x000000000551f46c method=java.util.HashMap.putVal(ILjava/lang/Object;Ljava/lang/Object;ZZ)Ljava/lang/Object; @ 295
Event: 563.942 Thread 0x000000002080b800 Uncommon trap: reason=speculate_class_check action=maybe_recompile pc=0x000000000551f4e4 method=java.util.HashMap.putVal(ILjava/lang/Object;Ljava/lang/Object;ZZ)Ljava/lang/Object; @ 253
Event: 563.946 Thread 0x000000002080b800 Uncommon trap: reason=unstable_if action=reinterpret pc=0x0000000004e90808 method=java.lang.Integer.equals(Ljava/lang/Object;)Z @ 18
Event: 563.952 Thread 0x000000002080b800 Uncommon trap: reason=unstable_if action=reinterpret pc=0x0000000004500224 method=com.android.tools.r8.v.a.a.a.f.X.a(ILjava/lang/Object;)Ljava/lang/Object; @ 66
Event: 563.963 Thread 0x000000002080b800 Uncommon trap: reason=unstable_if action=reinterpret pc=0x0000000004658308 method=java.util.Collections$SetFromMap.add(Ljava/lang/Object;)Z @ 13
Event: 564.369 Thread 0x000000001c2b5800 Uncommon trap: reason=unstable_if action=reinterpret pc=0x00000000045b3bd8 method=org.gradle.internal.snapshot.PathUtil.equalChars(CCLorg/gradle/internal/snapshot/CaseSensitivity;)Z @ 40

Classes redefined (0 events):
No events

Internal exceptions (10 events):
Event: 563.313 Thread 0x000000002080b800 Exception <a 'sun/nio/fs/WindowsException'> (0x00000000d9347cc0) thrown at [C:\src\AOSP-openjdk-git\hotspot\src\share\vm\prims\jni.cpp, line 710]
Event: 563.623 Thread 0x000000002080b800 Exception <a 'java/lang/NoSuchMethodError': java.lang.Object.lambda$maxBy$1(Ljava/util/Comparator;Ljava/lang/Object;Ljava/lang/Object;)Ljava/lang/Object;> (0x00000000d9916f60) thrown at [C:\src\AOSP-openjdk-git\hotspot\src\share\vm\interpreter\linkResolve
Event: 564.031 Thread 0x000000002080b800 Exception <a 'sun/nio/fs/WindowsException'> (0x00000000d9e77058) thrown at [C:\src\AOSP-openjdk-git\hotspot\src\share\vm\prims\jni.cpp, line 710]
Event: 564.038 Thread 0x000000002080b800 Exception <a 'sun/nio/fs/WindowsException'> (0x00000000d9e7f6e0) thrown at [C:\src\AOSP-openjdk-git\hotspot\src\share\vm\prims\jni.cpp, line 710]
Event: 564.043 Thread 0x000000002080b800 Exception <a 'sun/nio/fs/WindowsException'> (0x00000000d9e86db8) thrown at [C:\src\AOSP-openjdk-git\hotspot\src\share\vm\prims\jni.cpp, line 710]
Event: 564.048 Thread 0x000000002080b800 Exception <a 'sun/nio/fs/WindowsException'> (0x00000000d9e913c0) thrown at [C:\src\AOSP-openjdk-git\hotspot\src\share\vm\prims\jni.cpp, line 710]
Event: 564.051 Thread 0x000000002080b800 Exception <a 'sun/nio/fs/WindowsException'> (0x00000000d9e98908) thrown at [C:\src\AOSP-openjdk-git\hotspot\src\share\vm\prims\jni.cpp, line 710]
Event: 564.056 Thread 0x000000002080b800 Exception <a 'sun/nio/fs/WindowsException'> (0x00000000d9ea1628) thrown at [C:\src\AOSP-openjdk-git\hotspot\src\share\vm\prims\jni.cpp, line 710]
Event: 564.060 Thread 0x000000002080b800 Exception <a 'sun/nio/fs/WindowsException'> (0x00000000da029f20) thrown at [C:\src\AOSP-openjdk-git\hotspot\src\share\vm\prims\jni.cpp, line 710]
Event: 564.488 Thread 0x0000000020804800 Exception <a 'sun/nio/fs/WindowsException'> (0x00000000daf4d5e8) thrown at [C:\src\AOSP-openjdk-git\hotspot\src\share\vm\prims\jni.cpp, line 710]

Events (10 events):
Event: 565.264 Thread 0x000000002080d000 DEOPT PACKING pc=0x000000000499f209 sp=0x00000000274fe9c0
Event: 565.264 Thread 0x000000002080d000 DEOPT UNPACKING pc=0x00000000033d75d0 sp=0x00000000274fe738 mode 0
Event: 565.313 Thread 0x000000002080d000 DEOPT PACKING pc=0x000000000499f209 sp=0x00000000274fe9c0
Event: 565.313 Thread 0x000000002080d000 DEOPT UNPACKING pc=0x00000000033d75d0 sp=0x00000000274fe738 mode 0
Event: 565.333 Thread 0x000000002080d000 DEOPT PACKING pc=0x0000000004a638ec sp=0x00000000274fed00
Event: 565.333 Thread 0x000000002080d000 DEOPT UNPACKING pc=0x00000000033d75d0 sp=0x00000000274feae0 mode 0
Event: 565.335 Thread 0x000000002080d000 DEOPT PACKING pc=0x0000000004a5bc99 sp=0x00000000274fecb0
Event: 565.335 Thread 0x000000002080d000 DEOPT UNPACKING pc=0x00000000033d75d0 sp=0x00000000274feae0 mode 0
Event: 565.342 Thread 0x000000002080d000 DEOPT PACKING pc=0x000000000499f209 sp=0x00000000274fe9c0
Event: 565.342 Thread 0x000000002080d000 DEOPT UNPACKING pc=0x00000000033d75d0 sp=0x00000000274fe738 mode 0


Dynamic libraries:
0x00007ff701d30000 - 0x00007ff701d61000 	C:\Program Files\Android\Android Studio2\jre\bin\java.exe
0x00007ff928f90000 - 0x00007ff929186000 	C:\WINDOWS\SYSTEM32\ntdll.dll
0x00007ff927050000 - 0x00007ff92710d000 	C:\WINDOWS\System32\KERNEL32.DLL
0x00007ff9267a0000 - 0x00007ff926a68000 	C:\WINDOWS\System32\KERNELBASE.dll
0x00007ff927110000 - 0x00007ff9271bc000 	C:\WINDOWS\System32\ADVAPI32.dll
0x00007ff927520000 - 0x00007ff9275be000 	C:\WINDOWS\System32\msvcrt.dll
0x00007ff927c20000 - 0x00007ff927cbb000 	C:\WINDOWS\System32\sechost.dll
0x00007ff928210000 - 0x00007ff928334000 	C:\WINDOWS\System32\RPCRT4.dll
0x00007ff928c70000 - 0x00007ff928e10000 	C:\WINDOWS\System32\USER32.dll
0x00007ff926770000 - 0x00007ff926792000 	C:\WINDOWS\System32\win32u.dll
0x00007ff927cc0000 - 0x00007ff927cea000 	C:\WINDOWS\System32\GDI32.dll
0x00007ff926b50000 - 0x00007ff926c59000 	C:\WINDOWS\System32\gdi32full.dll
0x00007ff9266d0000 - 0x00007ff92676d000 	C:\WINDOWS\System32\msvcp_win.dll
0x00007ff926e40000 - 0x00007ff926f40000 	C:\WINDOWS\System32\ucrtbase.dll
0x00007ff9253d0000 - 0x00007ff92566b000 	C:\WINDOWS\WinSxS\amd64_microsoft.windows.common-controls_6595b64144ccf1df_6.0.19041.488_none_ca04af081b815d21\COMCTL32.dll
0x00007ff927ae0000 - 0x00007ff927b10000 	C:\WINDOWS\System32\IMM32.DLL
0x00000000704a0000 - 0x0000000070572000 	C:\Program Files\Android\Android Studio2\jre\jre\bin\msvcr100.dll
0x000000006f8d0000 - 0x000000007011b000 	C:\Program Files\Android\Android Studio2\jre\jre\bin\server\jvm.dll
0x00007ff928170000 - 0x00007ff928178000 	C:\WINDOWS\System32\PSAPI.DLL
0x00007ff91f1a0000 - 0x00007ff91f1aa000 	C:\WINDOWS\SYSTEM32\VERSION.dll
0x00007ff918800000 - 0x00007ff918827000 	C:\WINDOWS\SYSTEM32\WINMM.dll
0x00007ff91e6e0000 - 0x00007ff91e6e9000 	C:\WINDOWS\SYSTEM32\WSOCK32.dll
0x00007ff928e10000 - 0x00007ff928e7b000 	C:\WINDOWS\System32\WS2_32.dll
0x00007ff91a3e0000 - 0x00007ff91a3ef000 	C:\Program Files\Android\Android Studio2\jre\jre\bin\verify.dll
0x00007ff918240000 - 0x00007ff918269000 	C:\Program Files\Android\Android Studio2\jre\jre\bin\java.dll
0x00007ff918180000 - 0x00007ff918196000 	C:\Program Files\Android\Android Studio2\jre\jre\bin\zip.dll
0x00007ff928340000 - 0x00007ff928a81000 	C:\WINDOWS\System32\SHELL32.dll
0x00007ff924200000 - 0x00007ff924995000 	C:\WINDOWS\SYSTEM32\windows.storage.dll
0x00007ff9271c0000 - 0x00007ff927515000 	C:\WINDOWS\System32\combase.dll
0x00007ff925dc0000 - 0x00007ff925dec000 	C:\WINDOWS\SYSTEM32\Wldp.dll
0x00007ff927e20000 - 0x00007ff927ece000 	C:\WINDOWS\System32\SHCORE.dll
0x00007ff928bb0000 - 0x00007ff928c05000 	C:\WINDOWS\System32\shlwapi.dll
0x00007ff926600000 - 0x00007ff926626000 	C:\WINDOWS\SYSTEM32\profapi.dll
0x00007ff918140000 - 0x00007ff91815a000 	C:\Program Files\Android\Android Studio2\jre\jre\bin\net.dll
0x00007ff925a90000 - 0x00007ff925afa000 	C:\WINDOWS\system32\mswsock.dll
0x00007ff918120000 - 0x00007ff918133000 	C:\Program Files\Android\Android Studio2\jre\jre\bin\nio.dll
0x00007ff901040000 - 0x00007ff901066000 	C:\Users\Lenovo\.gradle\native\31\windows-amd64\native-platform.dll
0x00007ff917e30000 - 0x00007ff917e3d000 	C:\Program Files\Android\Android Studio2\jre\jre\bin\management.dll
0x00007ff9262c0000 - 0x00007ff9262d8000 	C:\WINDOWS\SYSTEM32\CRYPTSP.dll
0x00007ff925180000 - 0x00007ff9251b4000 	C:\WINDOWS\system32\rsaenh.dll
0x00007ff926e10000 - 0x00007ff926e37000 	C:\WINDOWS\System32\bcrypt.dll
0x00007ff9265c0000 - 0x00007ff9265ee000 	C:\WINDOWS\SYSTEM32\USERENV.dll
0x00007ff926ad0000 - 0x00007ff926b4f000 	C:\WINDOWS\System32\bcryptprimitives.dll
0x00007ff925cb0000 - 0x00007ff925cbc000 	C:\WINDOWS\SYSTEM32\CRYPTBASE.dll
0x00007ff925780000 - 0x00007ff9257bb000 	C:\WINDOWS\SYSTEM32\IPHLPAPI.DLL
0x00007ff927ed0000 - 0x00007ff927ed8000 	C:\WINDOWS\System32\NSI.dll
0x00007ff919fa0000 - 0x00007ff919fb7000 	C:\WINDOWS\SYSTEM32\dhcpcsvc6.DLL
0x00007ff91a230000 - 0x00007ff91a24d000 	C:\WINDOWS\SYSTEM32\dhcpcsvc.DLL
0x00007ff925810000 - 0x00007ff9258db000 	C:\WINDOWS\SYSTEM32\DNSAPI.dll

VM Arguments:
jvm_args: -Xmx2048m -Dfile.encoding=windows-1252 -Duser.country=US -Duser.language=en -Duser.variant 
java_command: org.gradle.launcher.daemon.bootstrap.GradleDaemon 6.1.1
java_class_path (initial): C:\Users\Lenovo\.gradle\wrapper\dists\gradle-6.1.1-all\cfmwm155h49vnt3hynmlrsdst\gradle-6.1.1\lib\gradle-launcher-6.1.1.jar
Launcher Type: SUN_STANDARD

Environment Variables:
JAVA_HOME=C:\Program Files\Java\jre1.8.0_65\bin;
PATH=C:\ProgramData\Oracle\Java\javapath;C:\ProgramData\Oracle\Java\javapath\C:\Program Files\Java\jre1.8.0_65\bin;\bin;C:\Windows\system32;C:\Windows;C:\Windows\System32\Wbem;C:\Windows\System32\WindowsPowerShell\v1.0\;C:\Program Files (x86)\NVIDIA Corporation\PhysX\Common;C:\WINDOWS\system32;C:\WINDOWS;C:\WINDOWS\System32\Wbem;C:\WINDOWS\System32\WindowsPowerShell\v1.0\;C:\WINDOWS\System32\OpenSSH\;C:\Program Files\Java\jdk-11.0.2\bin;C:\Program Files\Microsoft SQL Server\120\Tools\Binn\;C:\Program Files\Microsoft SQL Server\Client SDK\ODBC\110\Tools\Binn\;C:\Program Files (x86)\Microsoft SQL Server\120\Tools\Binn\;C:\Program Files\Microsoft SQL Server\120\DTS\Binn\;C:\Program Files (x86)\Microsoft SQL Server\120\Tools\Binn\ManagementStudio\;C:\Program Files (x86)\Microsoft SQL Server\120\DTS\Binn\;D:\src\flutter\bin;C:\Program Files\Git\cmd;C:\Program Files\IBM\IBM DATA SERVER DRIVER\bin;%USERPROFILE%\AppData\Local\Microsoft\WindowsApps;
USERNAME=QUALITY
OS=Windows_NT
PROCESSOR_IDENTIFIER=Intel64 Family 6 Model 78 Stepping 3, GenuineIntel



---------------  S Y S T E M  ---------------

OS: Windows 10.0 , 64 bit Build 19041 (10.0.19041.546)

CPU:total 4 (initial active 4) (2 cores per cpu, 2 threads per core) family 6 model 78 stepping 3, cmov, cx8, fxsr, mmx, sse, sse2, sse3, ssse3, sse4.1, sse4.2, popcnt, avx, avx2, aes, clmul, erms, 3dnowpref, lzcnt, ht, tsc, tscinvbit, bmi1, bmi2, adx

Memory: 4k page, physical 8260324k(541016k free), swap 11536992k(5528k free)

vm_info: OpenJDK 64-Bit Server VM (25.242-b01) for windows-amd64 JRE (1.8.0_242-release-1644-b01), built by "builder" with MS VC++ 10.0 (VS2010)

time: Fri Dec 11 09:11:25 2020
timezone: India Standard Time
elapsed time: 565 seconds (0d 0h 9m 25s)

