#
# There is insufficient memory for the Java Runtime Environment to continue.
# Native memory allocation (malloc) failed to allocate 982816 bytes for Chunk::new
# Possible reasons:
#   The system is out of physical RAM or swap space
#   The process is running with CompressedOops enabled, and the Java Heap may be blocking the growth of the native heap
# Possible solutions:
#   Reduce memory load on the system
#   Increase physical memory or swap space
#   Check if swap backing store is full
#   Decrease Java heap size (-Xmx/-Xms)
#   Decrease number of Java threads
#   Decrease Java thread stack sizes (-Xss)
#   Set larger code cache with -XX:ReservedCodeCacheSize=
#   JVM is running with Unscaled Compressed Oops mode in which the Java heap is
#     placed in the first 4GB address space. The Java Heap base address is the
#     maximum limit for the native heap growth. Please use -XX:HeapBaseMinAddress
#     to set the Java Heap base and to place the Java Heap above 4GB virtual address.
# This output file may be truncated or incomplete.
#
#  Out of Memory Error (allocation.cpp:389), pid=14312, tid=0x0000000000002dcc
#
# JRE version: OpenJDK Runtime Environment (8.0_242-b01) (build 1.8.0_242-release-1644-b01)
# Java VM: OpenJDK 64-Bit Server VM (25.242-b01 mixed mode windows-amd64 compressed oops)
# Failed to write core dump. Minidumps are not enabled by default on client versions of Windows
#

---------------  T H R E A D  ---------------

Current thread (0x0000000017958800):  JavaThread "C2 CompilerThread1" daemon [_thread_in_native, id=11724, stack(0x00000000191a0000,0x00000000192a0000)]

Stack: [0x00000000191a0000,0x00000000192a0000]
[error occurred during error reporting (printing stack bounds), id 0xc0000005]

Native frames: (J=compiled Java code, j=interpreted, Vv=VM code, C=native code)


Current CompileTask:
C2:  42724 10527 %     4       com.android.tools.r8.dex.n::a @ 330 (1022 bytes)


---------------  P R O C E S S  ---------------

Java Threads: ( => current thread )
  0x000000001e213800 JavaThread "ForkJoinPool-1-worker-0" daemon [_thread_blocked, id=3004, stack(0x00000000282c0000,0x00000000283c0000)]
  0x000000001e219800 JavaThread "ForkJoinPool-1-worker-3" daemon [_thread_blocked, id=19048, stack(0x00000000281c0000,0x00000000282c0000)]
  0x000000001e218000 JavaThread "ForkJoinPool-1-worker-2" daemon [_thread_blocked, id=11992, stack(0x00000000280c0000,0x00000000281c0000)]
  0x000000001e21a800 JavaThread "ForkJoinPool-1-worker-1" daemon [_thread_blocked, id=10416, stack(0x0000000027fc0000,0x00000000280c0000)]
  0x000000001e20c000 JavaThread "WorkerExecutor Queue Thread 4" [_thread_blocked, id=17036, stack(0x00000000273f0000,0x00000000274f0000)]
  0x000000001e212000 JavaThread "WorkerExecutor Queue Thread 3" [_thread_in_Java, id=6028, stack(0x00000000270f0000,0x00000000271f0000)]
  0x000000001e20f800 JavaThread "WorkerExecutor Queue Thread 2" [_thread_blocked, id=3944, stack(0x0000000026ff0000,0x00000000270f0000)]
  0x000000001e211000 JavaThread "WorkerExecutor Queue" [_thread_blocked, id=14552, stack(0x0000000026ef0000,0x0000000026ff0000)]
  0x000000001e20d800 JavaThread "Cache worker for Java compile cache (C:\Users\Lenovo\Downloads\Toll_Management\.gradle\6.1.1\javaCompile)" [_thread_blocked, id=9332, stack(0x00000000257c0000,0x00000000258c0000)]
  0x00000000201f2800 JavaThread "Cache worker for Java compile cache (C:\Users\Lenovo\.gradle\caches\6.1.1\javaCompile)" [_thread_blocked, id=12048, stack(0x00000000256c0000,0x00000000257c0000)]
  0x00000000201f0800 JavaThread "Cache worker for execution history cache (C:\Users\Lenovo\Downloads\Toll_Management\.gradle\6.1.1\executionHistory)" [_thread_blocked, id=13632, stack(0x0000000025170000,0x0000000025270000)]
  0x00000000201f5000 JavaThread "Execution worker for ':' Thread 3" [_thread_blocked, id=11548, stack(0x0000000025070000,0x0000000025170000)]
  0x00000000201f2000 JavaThread "Execution worker for ':' Thread 2" [_thread_blocked, id=16816, stack(0x0000000024f70000,0x0000000025070000)]
  0x00000000201f1000 JavaThread "Execution worker for ':'" [_thread_blocked, id=9204, stack(0x0000000024e70000,0x0000000024f70000)]
  0x00000000201ee000 JavaThread "Cache worker for file content cache (C:\Users\Lenovo\Downloads\Toll_Management\.gradle\6.1.1\fileContent)" [_thread_blocked, id=15896, stack(0x0000000024970000,0x0000000024a70000)]
  0x00000000201f3800 JavaThread "Cache worker for file content cache (C:\Users\Lenovo\.gradle\caches\6.1.1\fileContent)" [_thread_blocked, id=248, stack(0x0000000024870000,0x0000000024970000)]
  0x00000000201f4000 JavaThread "Memory manager" [_thread_blocked, id=18816, stack(0x00000000226c0000,0x00000000227c0000)]
  0x00000000201ed800 JavaThread "Cache worker for Build Output Cleanup Cache (C:\Users\Lenovo\Downloads\Toll_Management\.gradle\buildOutputCleanup)" [_thread_blocked, id=13656, stack(0x0000000022380000,0x0000000022480000)]
  0x00000000201ea800 JavaThread "Build operations Thread 4" [_thread_blocked, id=15720, stack(0x0000000022280000,0x0000000022380000)]
  0x00000000201eb000 JavaThread "Build operations Thread 3" [_thread_blocked, id=13716, stack(0x0000000022180000,0x0000000022280000)]
  0x00000000201e9800 JavaThread "Build operations Thread 2" [_thread_blocked, id=16612, stack(0x0000000022080000,0x0000000022180000)]
  0x00000000201ec000 JavaThread "Build operations" [_thread_blocked, id=15540, stack(0x0000000021f80000,0x0000000022080000)]
  0x000000001a0f1000 JavaThread "Cache worker for execution history cache (C:\Users\Lenovo\.gradle\caches\6.1.1\executionHistory)" [_thread_blocked, id=2724, stack(0x0000000021480000,0x0000000021580000)]
  0x000000001a0f4800 JavaThread "Cache worker for cache directory md-rule (C:\Users\Lenovo\.gradle\caches\6.1.1\md-rule)" [_thread_blocked, id=6468, stack(0x0000000021380000,0x0000000021480000)]
  0x000000001a0f1800 JavaThread "Cache worker for cache directory md-supplier (C:\Users\Lenovo\.gradle\caches\6.1.1\md-supplier)" [_thread_blocked, id=18896, stack(0x0000000020fb0000,0x00000000210b0000)]
  0x000000001a0f0000 JavaThread "Cache worker for file hash cache (C:\Users\Lenovo\Downloads\Toll_Management\.gradle\6.1.1\fileHashes)" [_thread_blocked, id=16540, stack(0x000000001fee0000,0x000000001ffe0000)]
  0x000000001a0f4000 JavaThread "Cache worker for checksums cache (C:\Users\Lenovo\Downloads\Toll_Management\.gradle\checksums)" [_thread_blocked, id=16676, stack(0x000000001fb60000,0x000000001fc60000)]
  0x000000001a0f2800 JavaThread "Cache worker for file hash cache (C:\Users\Lenovo\.gradle\caches\6.1.1\fileHashes)" [_thread_blocked, id=17604, stack(0x000000001d7c0000,0x000000001d8c0000)]
  0x000000001a0f3000 JavaThread "File lock request listener" [_thread_in_native, id=13092, stack(0x000000001d6c0000,0x000000001d7c0000)]
  0x000000001ab09000 JavaThread "Cache worker for journal cache (C:\Users\Lenovo\.gradle\caches\journal-1)" [_thread_blocked, id=6980, stack(0x000000001d5c0000,0x000000001d6c0000)]
  0x000000001a6de800 JavaThread "Thread-9" [_thread_blocked, id=19220, stack(0x000000001d2c0000,0x000000001d3c0000)]
  0x0000000019ff0000 JavaThread "Stdin handler" [_thread_blocked, id=5308, stack(0x000000001d1c0000,0x000000001d2c0000)]
  0x0000000017995000 JavaThread "Asynchronous log dispatcher for DefaultDaemonConnection: socket connection from /127.0.0.1:49595 to /127.0.0.1:49596" [_thread_blocked, id=17664, stack(0x000000001d0c0000,0x000000001d1c0000)]
  0x0000000019fec800 JavaThread "Daemon worker" [_thread_blocked, id=4444, stack(0x000000001cfc0000,0x000000001d0c0000)]
  0x000000001a6e2800 JavaThread "Cancel handler" [_thread_blocked, id=15744, stack(0x000000001cec0000,0x000000001cfc0000)]
  0x000000001b2f5800 JavaThread "Handler for socket connection from /127.0.0.1:49595 to /127.0.0.1:49596" [_thread_in_native, id=4324, stack(0x000000001cbc0000,0x000000001ccc0000)]
  0x000000001b2f2800 JavaThread "Daemon" [_thread_blocked, id=15484, stack(0x000000001cac0000,0x000000001cbc0000)]
  0x000000001b29c800 JavaThread "Daemon periodic checks" [_thread_blocked, id=13912, stack(0x000000001c9c0000,0x000000001cac0000)]
  0x000000001b29b000 JavaThread "Incoming local TCP Connector on port 49595" [_thread_in_native, id=12908, stack(0x000000001c780000,0x000000001c880000)]
  0x000000001b1bc800 JavaThread "Daemon health stats" [_thread_blocked, id=11828, stack(0x000000001c140000,0x000000001c240000)]
  0x00000000192c1800 JavaThread "Service Thread" daemon [_thread_blocked, id=7212, stack(0x00000000197a0000,0x00000000198a0000)]
  0x00000000179aa000 JavaThread "C1 CompilerThread2" daemon [_thread_in_native, id=13636, stack(0x00000000196a0000,0x00000000197a0000)]
=>0x0000000017958800 JavaThread "C2 CompilerThread1" daemon [_thread_in_native, id=11724, stack(0x00000000191a0000,0x00000000192a0000)]
  0x0000000017954000 JavaThread "C2 CompilerThread0" daemon [_thread_in_native, id=13112, stack(0x00000000190a0000,0x00000000191a0000)]
  0x0000000017952800 JavaThread "Attach Listener" daemon [_thread_blocked, id=10540, stack(0x0000000018fa0000,0x00000000190a0000)]
  0x0000000017951000 JavaThread "Signal Dispatcher" daemon [_thread_blocked, id=12468, stack(0x0000000018ea0000,0x0000000018fa0000)]
  0x0000000002d2b800 JavaThread "Finalizer" daemon [_thread_blocked, id=18876, stack(0x0000000018ba0000,0x0000000018ca0000)]
  0x0000000017939000 JavaThread "Reference Handler" daemon [_thread_blocked, id=6316, stack(0x0000000018aa0000,0x0000000018ba0000)]
  0x00000000011ae800 JavaThread "main" [_thread_blocked, id=14608, stack(0x0000000002b30000,0x0000000002c30000)]

Other Threads:
  0x0000000017917000 VMThread [stack: 0x00000000189a0000,0x0000000018aa0000] [id=4728]
  0x00000000192c2000 WatcherThread [stack: 0x00000000198a0000,0x00000000199a0000] [id=18424]

VM state:not at safepoint (normal execution)

VM Mutex/Monitor currently owned by a thread: None

heap address: 0x0000000080000000, size: 2048 MB, Compressed Oops mode: 32-bit
Narrow klass base: 0x0000000000000000, Narrow klass shift: 3
Compressed class space size: 1073741824 Address: 0x0000000100000000

Heap:
 PSYoungGen      total 213504K, used 115187K [0x00000000d5580000, 0x00000000e4b80000, 0x0000000100000000)
  eden space 193024K, 49% used [0x00000000d5580000,0x00000000db203750,0x00000000e1200000)
  from space 20480K, 99% used [0x00000000e2d00000,0x00000000e40f9760,0x00000000e4100000)
  to   space 27648K, 0% used [0x00000000e1200000,0x00000000e1200000,0x00000000e2d00000)
 ParOldGen       total 133632K, used 41739K [0x0000000080000000, 0x0000000088280000, 0x00000000d5580000)
  object space 133632K, 31% used [0x0000000080000000,0x00000000828c2fd0,0x0000000088280000)
 Metaspace       used 76430K, capacity 80186K, committed 80432K, reserved 1118208K
  class space    used 10505K, capacity 11250K, committed 11312K, reserved 1048576K

Card table byte_map: [0x00000000120f0000,0x0000000012500000] byte_map_base: 0x0000000011cf0000

Marking Bits: (ParMarkBitMap*) 0x000000007009f030
 Begin Bits: [0x0000000012bb0000, 0x0000000014bb0000)
 End Bits:   [0x0000000014bb0000, 0x0000000016bb0000)

Polling page: 0x00000000011e0000

CodeCache: size=245760Kb used=30041Kb max_used=30041Kb free=215718Kb
 bounds [0x0000000002d30000, 0x0000000004ab0000, 0x0000000011d30000]
 total_blobs=10492 nmethods=9655 adapters=749
 compilation: enabled

Compilation events (10 events):
Event: 42.302 Thread 0x00000000179aa000 10703       1       com.android.tools.r8.graph.j0::a (5 bytes)
Event: 42.302 Thread 0x00000000179aa000 nmethod 10703 0x0000000004a8a050 code [0x0000000004a8a1a0, 0x0000000004a8a2b0]
Event: 42.306 Thread 0x00000000179aa000 10704       2       com.android.tools.r8.graph.u::a (19 bytes)
Event: 42.307 Thread 0x00000000179aa000 nmethod 10704 0x0000000004a8a310 code [0x0000000004a8a480, 0x0000000004a8a648]
Event: 42.307 Thread 0x00000000179aa000 10706       2       com.android.tools.r8.graph.u::a (71 bytes)
Event: 42.307 Thread 0x00000000179aa000 nmethod 10706 0x0000000004a8a750 code [0x0000000004a8a900, 0x0000000004a8add8]
Event: 42.307 Thread 0x00000000179aa000 10705       2       com.android.tools.r8.graph.h0$n::<init> (7 bytes)
Event: 42.308 Thread 0x00000000179aa000 nmethod 10705 0x0000000004a8b090 code [0x0000000004a8b1e0, 0x0000000004a8b350]
Event: 42.312 Thread 0x00000000179aa000 10708       1       com.android.tools.r8.graph.C::m (6 bytes)
Event: 42.312 Thread 0x00000000179aa000 nmethod 10708 0x0000000004a8b3d0 code [0x0000000004a8b520, 0x0000000004a8b650]

GC Heap History (10 events):
Event: 23.621 GC heap before
{Heap before GC invocations=13 (full 2):
 PSYoungGen      total 136704K, used 136583K [0x00000000d5580000, 0x00000000ded00000, 0x0000000100000000)
  eden space 124928K, 100% used [0x00000000d5580000,0x00000000dcf80000,0x00000000dcf80000)
  from space 11776K, 98% used [0x00000000de180000,0x00000000dece1d48,0x00000000ded00000)
  to   space 13312K, 0% used [0x00000000dd300000,0x00000000dd300000,0x00000000de000000)
 ParOldGen       total 92672K, used 15463K [0x0000000080000000, 0x0000000085a80000, 0x00000000d5580000)
  object space 92672K, 16% used [0x0000000080000000,0x0000000080f19ed0,0x0000000085a80000)
 Metaspace       used 53686K, capacity 55614K, committed 55728K, reserved 1097728K
  class space    used 7292K, capacity 7742K, committed 7856K, reserved 1048576K
Event: 23.664 GC heap after
Heap after GC invocations=13 (full 2):
 PSYoungGen      total 141824K, used 13308K [0x00000000d5580000, 0x00000000e1500000, 0x0000000100000000)
  eden space 128512K, 0% used [0x00000000d5580000,0x00000000d5580000,0x00000000dd300000)
  from space 13312K, 99% used [0x00000000dd300000,0x00000000ddfff320,0x00000000de000000)
  to   space 17920K, 0% used [0x00000000e0380000,0x00000000e0380000,0x00000000e1500000)
 ParOldGen       total 92672K, used 23358K [0x0000000080000000, 0x0000000085a80000, 0x00000000d5580000)
  object space 92672K, 25% used [0x0000000080000000,0x00000000816cf910,0x0000000085a80000)
 Metaspace       used 53686K, capacity 55614K, committed 55728K, reserved 1097728K
  class space    used 7292K, capacity 7742K, committed 7856K, reserved 1048576K
}
Event: 25.143 GC heap before
{Heap before GC invocations=14 (full 2):
 PSYoungGen      total 141824K, used 57911K [0x00000000d5580000, 0x00000000e1500000, 0x0000000100000000)
  eden space 128512K, 34% used [0x00000000d5580000,0x00000000d810ec50,0x00000000dd300000)
  from space 13312K, 99% used [0x00000000dd300000,0x00000000ddfff320,0x00000000de000000)
  to   space 17920K, 0% used [0x00000000e0380000,0x00000000e0380000,0x00000000e1500000)
 ParOldGen       total 92672K, used 23358K [0x0000000080000000, 0x0000000085a80000, 0x00000000d5580000)
  object space 92672K, 25% used [0x0000000080000000,0x00000000816cf910,0x0000000085a80000)
 Metaspace       used 57078K, capacity 59064K, committed 59160K, reserved 1099776K
  class space    used 7818K, capacity 8285K, committed 8368K, reserved 1048576K
Event: 25.196 GC heap after
Heap after GC invocations=14 (full 2):
 PSYoungGen      total 176128K, used 17404K [0x00000000d5580000, 0x00000000e2480000, 0x0000000100000000)
  eden space 158208K, 0% used [0x00000000d5580000,0x00000000d5580000,0x00000000df000000)
  from space 17920K, 97% used [0x00000000e0380000,0x00000000e147f1b8,0x00000000e1500000)
  to   space 19968K, 0% used [0x00000000df000000,0x00000000df000000,0x00000000e0380000)
 ParOldGen       total 92672K, used 23366K [0x0000000080000000, 0x0000000085a80000, 0x00000000d5580000)
  object space 92672K, 25% used [0x0000000080000000,0x00000000816d1910,0x0000000085a80000)
 Metaspace       used 57078K, capacity 59064K, committed 59160K, reserved 1099776K
  class space    used 7818K, capacity 8285K, committed 8368K, reserved 1048576K
}
Event: 25.196 GC heap before
{Heap before GC invocations=15 (full 3):
 PSYoungGen      total 176128K, used 17404K [0x00000000d5580000, 0x00000000e2480000, 0x0000000100000000)
  eden space 158208K, 0% used [0x00000000d5580000,0x00000000d5580000,0x00000000df000000)
  from space 17920K, 97% used [0x00000000e0380000,0x00000000e147f1b8,0x00000000e1500000)
  to   space 19968K, 0% used [0x00000000df000000,0x00000000df000000,0x00000000e0380000)
 ParOldGen       total 92672K, used 23366K [0x0000000080000000, 0x0000000085a80000, 0x00000000d5580000)
  object space 92672K, 25% used [0x0000000080000000,0x00000000816d1910,0x0000000085a80000)
 Metaspace       used 57078K, capacity 59064K, committed 59160K, reserved 1099776K
  class space    used 7818K, capacity 8285K, committed 8368K, reserved 1048576K
Event: 25.584 GC heap after
Heap after GC invocations=15 (full 3):
 PSYoungGen      total 176128K, used 0K [0x00000000d5580000, 0x00000000e2480000, 0x0000000100000000)
  eden space 158208K, 0% used [0x00000000d5580000,0x00000000d5580000,0x00000000df000000)
  from space 17920K, 0% used [0x00000000e0380000,0x00000000e0380000,0x00000000e1500000)
  to   space 19968K, 0% used [0x00000000df000000,0x00000000df000000,0x00000000e0380000)
 ParOldGen       total 133632K, used 30689K [0x0000000080000000, 0x0000000088280000, 0x00000000d5580000)
  object space 133632K, 22% used [0x0000000080000000,0x0000000081df8440,0x0000000088280000)
 Metaspace       used 57065K, capacity 59022K, committed 59160K, reserved 1099776K
  class space    used 7814K, capacity 8278K, committed 8368K, reserved 1048576K
}
Event: 29.790 GC heap before
{Heap before GC invocations=16 (full 3):
 PSYoungGen      total 176128K, used 158208K [0x00000000d5580000, 0x00000000e2480000, 0x0000000100000000)
  eden space 158208K, 100% used [0x00000000d5580000,0x00000000df000000,0x00000000df000000)
  from space 17920K, 0% used [0x00000000e0380000,0x00000000e0380000,0x00000000e1500000)
  to   space 19968K, 0% used [0x00000000df000000,0x00000000df000000,0x00000000e0380000)
 ParOldGen       total 133632K, used 30689K [0x0000000080000000, 0x0000000088280000, 0x00000000d5580000)
  object space 133632K, 22% used [0x0000000080000000,0x0000000081df8440,0x0000000088280000)
 Metaspace       used 61725K, capacity 64590K, committed 64688K, reserved 1105920K
  class space    used 8519K, capacity 9088K, committed 9136K, reserved 1048576K
Event: 29.848 GC heap after
Heap after GC invocations=16 (full 3):
 PSYoungGen      total 178176K, used 14239K [0x00000000d5580000, 0x00000000e4100000, 0x0000000100000000)
  eden space 158208K, 0% used [0x00000000d5580000,0x00000000d5580000,0x00000000df000000)
  from space 19968K, 71% used [0x00000000df000000,0x00000000dfde7ed0,0x00000000e0380000)
  to   space 20480K, 0% used [0x00000000e2d00000,0x00000000e2d00000,0x00000000e4100000)
 ParOldGen       total 133632K, used 30697K [0x0000000080000000, 0x0000000088280000, 0x00000000d5580000)
  object space 133632K, 22% used [0x0000000080000000,0x0000000081dfa440,0x0000000088280000)
 Metaspace       used 61725K, capacity 64590K, committed 64688K, reserved 1105920K
  class space    used 8519K, capacity 9088K, committed 9136K, reserved 1048576K
}
Event: 41.141 GC heap before
{Heap before GC invocations=17 (full 3):
 PSYoungGen      total 178176K, used 172447K [0x00000000d5580000, 0x00000000e4100000, 0x0000000100000000)
  eden space 158208K, 100% used [0x00000000d5580000,0x00000000df000000,0x00000000df000000)
  from space 19968K, 71% used [0x00000000df000000,0x00000000dfde7ed0,0x00000000e0380000)
  to   space 20480K, 0% used [0x00000000e2d00000,0x00000000e2d00000,0x00000000e4100000)
 ParOldGen       total 133632K, used 30697K [0x0000000080000000, 0x0000000088280000, 0x00000000d5580000)
  object space 133632K, 22% used [0x0000000080000000,0x0000000081dfa440,0x0000000088280000)
 Metaspace       used 75513K, capacity 79130K, committed 79280K, reserved 1118208K
  class space    used 10368K, capacity 11078K, committed 11184K, reserved 1048576K
Event: 41.221 GC heap after
Heap after GC invocations=17 (full 3):
 PSYoungGen      total 213504K, used 20453K [0x00000000d5580000, 0x00000000e4b80000, 0x0000000100000000)
  eden space 193024K, 0% used [0x00000000d5580000,0x00000000d5580000,0x00000000e1200000)
  from space 20480K, 99% used [0x00000000e2d00000,0x00000000e40f9760,0x00000000e4100000)
  to   space 27648K, 0% used [0x00000000e1200000,0x00000000e1200000,0x00000000e2d00000)
 ParOldGen       total 133632K, used 41739K [0x0000000080000000, 0x0000000088280000, 0x00000000d5580000)
  object space 133632K, 31% used [0x0000000080000000,0x00000000828c2fd0,0x0000000088280000)
 Metaspace       used 75513K, capacity 79130K, committed 79280K, reserved 1118208K
  class space    used 10368K, capacity 11078K, committed 11184K, reserved 1048576K
}

Deoptimization events (10 events):
Event: 40.360 Thread 0x00000000201f2000 Uncommon trap: reason=unstable_if action=reinterpret pc=0x00000000038a5c90 method=java.lang.Integer.getChars(II[C)V @ 7
Event: 41.137 Thread 0x000000001e212000 Uncommon trap: reason=unstable_if action=reinterpret pc=0x0000000003c2c114 method=java.nio.Bits.getShort(Ljava/nio/ByteBuffer;IZ)S @ 1
Event: 41.382 Thread 0x000000001e212000 Uncommon trap: reason=unstable_if action=reinterpret pc=0x000000000474f9d4 method=com.android.tools.r8.graph.e0.a([C)I @ 44
Event: 41.545 Thread 0x000000001e212000 Uncommon trap: reason=unstable_if action=reinterpret pc=0x00000000031ab93c method=com.android.tools.r8.dex.n.m()V @ 22
Event: 41.651 Thread 0x000000001e213800 Uncommon trap: reason=unstable_if action=reinterpret pc=0x00000000037116b0 method=java.util.Arrays.hashCode([Ljava/lang/Object;)I @ 1
Event: 41.651 Thread 0x000000001e219800 Uncommon trap: reason=unstable_if action=reinterpret pc=0x00000000037116b0 method=java.util.Arrays.hashCode([Ljava/lang/Object;)I @ 1
Event: 41.651 Thread 0x000000001e218000 Uncommon trap: reason=unstable_if action=reinterpret pc=0x00000000037116b0 method=java.util.Arrays.hashCode([Ljava/lang/Object;)I @ 1
Event: 41.653 Thread 0x000000001e21a800 Uncommon trap: reason=unstable_if action=reinterpret pc=0x000000000482a7c8 method=com.android.tools.r8.graph.e0.c(Lcom/android/tools/r8/graph/e0;)I @ 141
Event: 41.907 Thread 0x000000001e21a800 Uncommon trap: reason=unstable_if action=reinterpret pc=0x0000000004a23028 method=com.android.tools.r8.dex.n.i()Lcom/android/tools/r8/graph/h0; @ 39
Event: 42.272 Thread 0x000000001e212000 Uncommon trap: reason=unstable_if action=reinterpret pc=0x0000000004975498 method=com.android.tools.r8.s.a.b.l.d.a(Ljava/lang/Object;Z)Lcom/android/tools/r8/s/a/b/l/f; @ 84

Classes redefined (0 events):
No events

Internal exceptions (10 events):
Event: 39.937 Thread 0x000000001e211000 Exception <a 'sun/nio/fs/WindowsException'> (0x00000000dd5360d8) thrown at [C:\src\AOSP-openjdk-git\hotspot\src\share\vm\prims\jni.cpp, line 710]
Event: 39.951 Thread 0x000000001e211000 Exception <a 'sun/nio/fs/WindowsException'> (0x00000000dd53d4b8) thrown at [C:\src\AOSP-openjdk-git\hotspot\src\share\vm\prims\jni.cpp, line 710]
Event: 39.960 Thread 0x000000001e211000 Exception <a 'sun/nio/fs/WindowsException'> (0x00000000dd547ab8) thrown at [C:\src\AOSP-openjdk-git\hotspot\src\share\vm\prims\jni.cpp, line 710]
Event: 39.972 Thread 0x000000001e211000 Exception <a 'sun/nio/fs/WindowsException'> (0x00000000dd713dc0) thrown at [C:\src\AOSP-openjdk-git\hotspot\src\share\vm\prims\jni.cpp, line 710]
Event: 40.365 Thread 0x00000000201f2000 Exception <a 'java/lang/NoSuchMethodError': <clinit>> (0x00000000de393ed8) thrown at [C:\src\AOSP-openjdk-git\hotspot\src\share\vm\prims\jni.cpp, line 1615]
Event: 40.366 Thread 0x00000000201f2000 Exception <a 'java/lang/NoSuchMethodError': <clinit>> (0x00000000de3a7bc0) thrown at [C:\src\AOSP-openjdk-git\hotspot\src\share\vm\prims\jni.cpp, line 1615]
Event: 41.073 Thread 0x000000001e212000 Exception <a 'sun/nio/fs/WindowsException'> (0x00000000dedf7038) thrown at [C:\src\AOSP-openjdk-git\hotspot\src\share\vm\prims\jni.cpp, line 710]
Event: 41.651 Thread 0x000000001e213800 Implicit null exception at 0x00000000037115af to 0x00000000037116a1
Event: 41.651 Thread 0x000000001e219800 Implicit null exception at 0x00000000037115af to 0x00000000037116a1
Event: 41.651 Thread 0x000000001e218000 Implicit null exception at 0x00000000037115af to 0x00000000037116a1

Events (10 events):
Event: 42.234 Executing VM operation: RevokeBias done
Event: 42.235 Executing VM operation: RevokeBias
Event: 42.235 Executing VM operation: RevokeBias done
Event: 42.272 Thread 0x000000001e212000 Uncommon trap: trap_request=0xffffff65 fr.pc=0x0000000004975498
Event: 42.272 Thread 0x000000001e212000 DEOPT PACKING pc=0x0000000004975498 sp=0x00000000271ede80
Event: 42.272 Thread 0x000000001e212000 DEOPT UNPACKING pc=0x0000000002d7557b sp=0x00000000271ede08 mode 2
Event: 42.317 Executing VM operation: BulkRevokeBias
Event: 42.318 Executing VM operation: BulkRevokeBias done
Event: 42.319 loading class com/android/tools/r8/naming/b
Event: 42.319 loading class com/android/tools/r8/naming/b done


Dynamic libraries:
0x00007ff701d30000 - 0x00007ff701d61000 	C:\Program Files\Android\Android Studio2\jre\bin\java.exe
0x00007ff928f90000 - 0x00007ff929186000 	C:\WINDOWS\SYSTEM32\ntdll.dll
0x00007ff927050000 - 0x00007ff92710d000 	C:\WINDOWS\System32\KERNEL32.DLL
0x00007ff9267a0000 - 0x00007ff926a68000 	C:\WINDOWS\System32\KERNELBASE.dll
0x00007ff927110000 - 0x00007ff9271bc000 	C:\WINDOWS\System32\ADVAPI32.dll
0x00007ff927520000 - 0x00007ff9275be000 	C:\WINDOWS\System32\msvcrt.dll
0x00007ff927c20000 - 0x00007ff927cbb000 	C:\WINDOWS\System32\sechost.dll
0x00007ff928210000 - 0x00007ff928334000 	C:\WINDOWS\System32\RPCRT4.dll
0x00007ff928c70000 - 0x00007ff928e10000 	C:\WINDOWS\System32\USER32.dll
0x00007ff926770000 - 0x00007ff926792000 	C:\WINDOWS\System32\win32u.dll
0x00007ff927cc0000 - 0x00007ff927cea000 	C:\WINDOWS\System32\GDI32.dll
0x00007ff926b50000 - 0x00007ff926c59000 	C:\WINDOWS\System32\gdi32full.dll
0x00007ff9266d0000 - 0x00007ff92676d000 	C:\WINDOWS\System32\msvcp_win.dll
0x00007ff926e40000 - 0x00007ff926f40000 	C:\WINDOWS\System32\ucrtbase.dll
0x00007ff9253d0000 - 0x00007ff92566b000 	C:\WINDOWS\WinSxS\amd64_microsoft.windows.common-controls_6595b64144ccf1df_6.0.19041.488_none_ca04af081b815d21\COMCTL32.dll
0x00007ff927ae0000 - 0x00007ff927b10000 	C:\WINDOWS\System32\IMM32.DLL
0x00000000704a0000 - 0x0000000070572000 	C:\Program Files\Android\Android Studio2\jre\jre\bin\msvcr100.dll
0x000000006f8d0000 - 0x000000007011b000 	C:\Program Files\Android\Android Studio2\jre\jre\bin\server\jvm.dll
0x00007ff928170000 - 0x00007ff928178000 	C:\WINDOWS\System32\PSAPI.DLL
0x00007ff91e6e0000 - 0x00007ff91e6e9000 	C:\WINDOWS\SYSTEM32\WSOCK32.dll
0x00007ff928e10000 - 0x00007ff928e7b000 	C:\WINDOWS\System32\WS2_32.dll
0x00007ff918800000 - 0x00007ff918827000 	C:\WINDOWS\SYSTEM32\WINMM.dll
0x00007ff91f1a0000 - 0x00007ff91f1aa000 	C:\WINDOWS\SYSTEM32\VERSION.dll
0x00007ff91a3e0000 - 0x00007ff91a3ef000 	C:\Program Files\Android\Android Studio2\jre\jre\bin\verify.dll
0x00007ff918240000 - 0x00007ff918269000 	C:\Program Files\Android\Android Studio2\jre\jre\bin\java.dll
0x00007ff918180000 - 0x00007ff918196000 	C:\Program Files\Android\Android Studio2\jre\jre\bin\zip.dll
0x00007ff928340000 - 0x00007ff928a81000 	C:\WINDOWS\System32\SHELL32.dll
0x00007ff924200000 - 0x00007ff924995000 	C:\WINDOWS\SYSTEM32\windows.storage.dll
0x00007ff9271c0000 - 0x00007ff927515000 	C:\WINDOWS\System32\combase.dll
0x00007ff925dc0000 - 0x00007ff925dec000 	C:\WINDOWS\SYSTEM32\Wldp.dll
0x00007ff927e20000 - 0x00007ff927ece000 	C:\WINDOWS\System32\SHCORE.dll
0x00007ff928bb0000 - 0x00007ff928c05000 	C:\WINDOWS\System32\shlwapi.dll
0x00007ff926600000 - 0x00007ff926626000 	C:\WINDOWS\SYSTEM32\profapi.dll
0x00007ff918140000 - 0x00007ff91815a000 	C:\Program Files\Android\Android Studio2\jre\jre\bin\net.dll
0x00007ff925a90000 - 0x00007ff925afa000 	C:\WINDOWS\system32\mswsock.dll
0x00007ff918120000 - 0x00007ff918133000 	C:\Program Files\Android\Android Studio2\jre\jre\bin\nio.dll
0x00007ff901040000 - 0x00007ff901066000 	C:\Users\Lenovo\.gradle\native\31\windows-amd64\native-platform.dll
0x00007ff917e30000 - 0x00007ff917e3d000 	C:\Program Files\Android\Android Studio2\jre\jre\bin\management.dll
0x00007ff9262c0000 - 0x00007ff9262d8000 	C:\WINDOWS\SYSTEM32\CRYPTSP.dll
0x00007ff925180000 - 0x00007ff9251b4000 	C:\WINDOWS\system32\rsaenh.dll
0x00007ff926e10000 - 0x00007ff926e37000 	C:\WINDOWS\System32\bcrypt.dll
0x00007ff9265c0000 - 0x00007ff9265ee000 	C:\WINDOWS\SYSTEM32\USERENV.dll
0x00007ff926ad0000 - 0x00007ff926b4f000 	C:\WINDOWS\System32\bcryptprimitives.dll
0x00007ff925cb0000 - 0x00007ff925cbc000 	C:\WINDOWS\SYSTEM32\CRYPTBASE.dll
0x00007ff925780000 - 0x00007ff9257bb000 	C:\WINDOWS\SYSTEM32\IPHLPAPI.DLL
0x00007ff927ed0000 - 0x00007ff927ed8000 	C:\WINDOWS\System32\NSI.dll
0x00007ff919fa0000 - 0x00007ff919fb7000 	C:\WINDOWS\SYSTEM32\dhcpcsvc6.DLL
0x00007ff91a230000 - 0x00007ff91a24d000 	C:\WINDOWS\SYSTEM32\dhcpcsvc.DLL
0x00007ff925810000 - 0x00007ff9258db000 	C:\WINDOWS\SYSTEM32\DNSAPI.dll

VM Arguments:
jvm_args: -Xmx2048m -Dfile.encoding=windows-1252 -Duser.country=US -Duser.language=en -Duser.variant 
java_command: org.gradle.launcher.daemon.bootstrap.GradleDaemon 6.1.1
java_class_path (initial): C:\Users\Lenovo\.gradle\wrapper\dists\gradle-6.1.1-all\cfmwm155h49vnt3hynmlrsdst\gradle-6.1.1\lib\gradle-launcher-6.1.1.jar
Launcher Type: SUN_STANDARD

Environment Variables:
JAVA_HOME=C:\Program Files\Java\jre1.8.0_65\bin;
PATH=C:\ProgramData\Oracle\Java\javapath;C:\ProgramData\Oracle\Java\javapath\C:\Program Files\Java\jre1.8.0_65\bin;\bin;C:\Windows\system32;C:\Windows;C:\Windows\System32\Wbem;C:\Windows\System32\WindowsPowerShell\v1.0\;C:\Program Files (x86)\NVIDIA Corporation\PhysX\Common;C:\WINDOWS\system32;C:\WINDOWS;C:\WINDOWS\System32\Wbem;C:\WINDOWS\System32\WindowsPowerShell\v1.0\;C:\WINDOWS\System32\OpenSSH\;C:\Program Files\Java\jdk-11.0.2\bin;C:\Program Files\Microsoft SQL Server\120\Tools\Binn\;C:\Program Files\Microsoft SQL Server\Client SDK\ODBC\110\Tools\Binn\;C:\Program Files (x86)\Microsoft SQL Server\120\Tools\Binn\;C:\Program Files\Microsoft SQL Server\120\DTS\Binn\;C:\Program Files (x86)\Microsoft SQL Server\120\Tools\Binn\ManagementStudio\;C:\Program Files (x86)\Microsoft SQL Server\120\DTS\Binn\;D:\src\flutter\bin;C:\Program Files\Git\cmd;C:\Program Files\IBM\IBM DATA SERVER DRIVER\bin;%USERPROFILE%\AppData\Local\Microsoft\WindowsApps;
USERNAME=QUALITY
OS=Windows_NT
PROCESSOR_IDENTIFIER=Intel64 Family 6 Model 78 Stepping 3, GenuineIntel



---------------  S Y S T E M  ---------------

OS: Windows 10.0 , 64 bit Build 19041 (10.0.19041.546)

CPU:total 4 (initial active 4) (2 cores per cpu, 2 threads per core) family 6 model 78 stepping 3, cmov, cx8, fxsr, mmx, sse, sse2, sse3, ssse3, sse4.1, sse4.2, popcnt, avx, avx2, aes, clmul, erms, 3dnowpref, lzcnt, ht, tsc, tscinvbit, bmi1, bmi2, adx

Memory: 4k page, physical 8260324k(716948k free), swap 11536992k(33436k free)

vm_info: OpenJDK 64-Bit Server VM (25.242-b01) for windows-amd64 JRE (1.8.0_242-release-1644-b01), built by "builder" with MS VC++ 10.0 (VS2010)

time: Fri Dec 11 09:01:41 2020
timezone: India Standard Time
elapsed time: 42 seconds (0d 0h 0m 42s)

